This file contains any messages produced by compilers while
running configure, to aid debugging if configure makes a mistake.

It was created by Atlantis configure 3.0, which was
generated by GNU Autoconf 2.69.  Invocation command line was

  $ ./configure 

## --------- ##
## Platform. ##
## --------- ##

hostname = AtlantisGOAeScience2
uname -m = x86_64
uname -r = 5.4.0-1109-azure
uname -s = Linux
uname -v = #115~18.04.1-Ubuntu SMP Mon May 22 20:06:37 UTC 2023

/usr/bin/uname -p = unknown
/bin/uname -X     = unknown

/bin/arch              = unknown
/usr/bin/arch -k       = unknown
/usr/convex/getsysinfo = unknown
/usr/bin/hostinfo      = unknown
/bin/machine           = unknown
/usr/bin/oslevel       = unknown
/bin/universe          = unknown

PATH: /usr/local/sbin
PATH: /usr/local/bin
PATH: /usr/sbin
PATH: /usr/bin
PATH: /sbin
PATH: /bin
PATH: /snap/bin
PATH: /usr/lib/rstudio-server/bin/postback


## ----------- ##
## Core tests. ##
## ----------- ##

configure:2278: checking for a BSD-compatible install
configure:2346: result: /usr/bin/install -c
configure:2357: checking whether build environment is sane
configure:2412: result: yes
configure:2563: checking for a thread-safe mkdir -p
configure:2602: result: /bin/mkdir -p
configure:2609: checking for gawk
configure:2625: found /usr/bin/gawk
configure:2636: result: gawk
configure:2647: checking whether make sets $(MAKE)
configure:2669: result: yes
configure:2698: checking whether make supports nested variables
configure:2715: result: yes
configure:2934: checking for gcc
configure:2950: found /usr/bin/gcc
configure:2961: result: gcc
configure:3190: checking for C compiler version
configure:3199: gcc --version >&5
gcc (Ubuntu 7.5.0-3ubuntu1~18.04) 7.5.0
Copyright (C) 2017 Free Software Foundation, Inc.
This is free software; see the source for copying conditions.  There is NO
warranty; not even for MERCHANTABILITY or FITNESS FOR A PARTICULAR PURPOSE.

configure:3210: $? = 0
configure:3199: gcc -v >&5
Using built-in specs.
COLLECT_GCC=gcc
COLLECT_LTO_WRAPPER=/usr/lib/gcc/x86_64-linux-gnu/7/lto-wrapper
OFFLOAD_TARGET_NAMES=nvptx-none
OFFLOAD_TARGET_DEFAULT=1
Target: x86_64-linux-gnu
Configured with: ../src/configure -v --with-pkgversion='Ubuntu 7.5.0-3ubuntu1~18.04' --with-bugurl=file:///usr/share/doc/gcc-7/README.Bugs --enable-languages=c,ada,c++,go,brig,d,fortran,objc,obj-c++ --prefix=/usr --with-gcc-major-version-only --program-suffix=-7 --program-prefix=x86_64-linux-gnu- --enable-shared --enable-linker-build-id --libexecdir=/usr/lib --without-included-gettext --enable-threads=posix --libdir=/usr/lib --enable-nls --enable-bootstrap --enable-clocale=gnu --enable-libstdcxx-debug --enable-libstdcxx-time=yes --with-default-libstdcxx-abi=new --enable-gnu-unique-object --disable-vtable-verify --enable-libmpx --enable-plugin --enable-default-pie --with-system-zlib --with-target-system-zlib --enable-objc-gc=auto --enable-multiarch --disable-werror --with-arch-32=i686 --with-abi=m64 --with-multilib-list=m32,m64,mx32 --enable-multilib --with-tune=generic --enable-offload-targets=nvptx-none --without-cuda-driver --enable-checking=release --build=x86_64-linux-gnu --host=x86_64-linux-gnu --target=x86_64-linux-gnu
Thread model: posix
gcc version 7.5.0 (Ubuntu 7.5.0-3ubuntu1~18.04) 
configure:3210: $? = 0
configure:3199: gcc -V >&5
gcc: error: unrecognized command line option '-V'
gcc: fatal error: no input files
compilation terminated.
configure:3210: $? = 1
configure:3199: gcc -qversion >&5
gcc: error: unrecognized command line option '-qversion'; did you mean '--version'?
gcc: fatal error: no input files
compilation terminated.
configure:3210: $? = 1
configure:3230: checking whether the C compiler works
configure:3252: gcc    conftest.c  >&5
configure:3256: $? = 0
configure:3304: result: yes
configure:3307: checking for C compiler default output file name
configure:3309: result: a.out
configure:3315: checking for suffix of executables
configure:3322: gcc -o conftest    conftest.c  >&5
configure:3326: $? = 0
configure:3348: result: 
configure:3370: checking whether we are cross compiling
configure:3378: gcc -o conftest    conftest.c  >&5
configure:3382: $? = 0
configure:3389: ./conftest
configure:3393: $? = 0
configure:3408: result: no
configure:3413: checking for suffix of object files
configure:3435: gcc -c   conftest.c >&5
configure:3439: $? = 0
configure:3460: result: o
configure:3464: checking whether we are using the GNU C compiler
configure:3483: gcc -c   conftest.c >&5
configure:3483: $? = 0
configure:3492: result: yes
configure:3501: checking whether gcc accepts -g
configure:3521: gcc -c -g  conftest.c >&5
configure:3521: $? = 0
configure:3562: result: yes
configure:3579: checking for gcc option to accept ISO C89
configure:3642: gcc  -c -g -O2  conftest.c >&5
configure:3642: $? = 0
configure:3655: result: none needed
configure:3680: checking whether gcc understands -c and -o together
configure:3702: gcc -c conftest.c -o conftest2.o
configure:3705: $? = 0
configure:3702: gcc -c conftest.c -o conftest2.o
configure:3705: $? = 0
configure:3717: result: yes
configure:3745: checking for style of include used by make
configure:3773: result: GNU
configure:3799: checking dependency style of gcc
configure:3910: result: gcc3
configure:3968: checking for ranlib
configure:3984: found /usr/bin/ranlib
configure:3995: result: ranlib
configure:4027: checking for abs in -lm
configure:4052: gcc -o conftest -g   conftest.c -lm   >&5
conftest.c:18:6: warning: conflicting types for built-in function 'abs' [-Wbuiltin-declaration-mismatch]
 char abs ();
      ^~~
configure:4052: $? = 0
configure:4061: result: yes
configure:4086: checking for ncopen in -lnetcdf
configure:4111: gcc -o conftest -g   conftest.c -lnetcdf  -lm  >&5
configure:4111: $? = 0
configure:4120: result: yes
configure:4137: checking for pj_init in -lproj
configure:4162: gcc -o conftest -g   conftest.c -lproj  -lnetcdf -lm  >&5
configure:4162: $? = 0
configure:4171: result: yes
configure:4188: checking for xmlXPathFreeObject in -lxml2
configure:4213: gcc -o conftest -g   conftest.c -lxml2  -lproj -lnetcdf -lm  >&5
configure:4213: $? = 0
configure:4222: result: yes
configure:4427: checking for grep that handles long lines and -e
configure:4485: result: /bin/grep
configure:4490: checking for egrep
configure:4552: result: /bin/grep -E
configure:4563: checking how to run the C preprocessor
configure:4594: gcc -E  conftest.c
configure:4594: $? = 0
configure:4608: gcc -E  conftest.c
conftest.c:15:10: fatal error: ac_nonexistent.h: No such file or directory
 #include <ac_nonexistent.h>
          ^~~~~~~~~~~~~~~~~~
compilation terminated.
configure:4608: $? = 1
configure: failed program was:
| /* confdefs.h */
| #define PACKAGE_NAME "Atlantis"
| #define PACKAGE_TARNAME "atlantis"
| #define PACKAGE_VERSION "3.0"
| #define PACKAGE_STRING "Atlantis 3.0"
| #define PACKAGE_BUGREPORT "beth.fulton@csiro.au"
| #define PACKAGE_URL ""
| #define PACKAGE "atlantis"
| #define VERSION "3.0"
| #define HAVE_LIBM 1
| #define HAVE_LIBNETCDF 1
| #define HAVE_LIBPROJ 1
| #define HAVE_LIBXML2 1
| /* end confdefs.h.  */
| #include <ac_nonexistent.h>
configure:4633: result: gcc -E
configure:4653: gcc -E  conftest.c
configure:4653: $? = 0
configure:4667: gcc -E  conftest.c
conftest.c:15:10: fatal error: ac_nonexistent.h: No such file or directory
 #include <ac_nonexistent.h>
          ^~~~~~~~~~~~~~~~~~
compilation terminated.
configure:4667: $? = 1
configure: failed program was:
| /* confdefs.h */
| #define PACKAGE_NAME "Atlantis"
| #define PACKAGE_TARNAME "atlantis"
| #define PACKAGE_VERSION "3.0"
| #define PACKAGE_STRING "Atlantis 3.0"
| #define PACKAGE_BUGREPORT "beth.fulton@csiro.au"
| #define PACKAGE_URL ""
| #define PACKAGE "atlantis"
| #define VERSION "3.0"
| #define HAVE_LIBM 1
| #define HAVE_LIBNETCDF 1
| #define HAVE_LIBPROJ 1
| #define HAVE_LIBXML2 1
| /* end confdefs.h.  */
| #include <ac_nonexistent.h>
configure:4696: checking for ANSI C header files
configure:4716: gcc -c -g  conftest.c >&5
configure:4716: $? = 0
configure:4789: gcc -o conftest -g   conftest.c -lxml2 -lproj -lnetcdf -lm  >&5
configure:4789: $? = 0
configure:4789: ./conftest
configure:4789: $? = 0
configure:4800: result: yes
configure:4813: checking for sys/types.h
configure:4813: gcc -c -g  conftest.c >&5
configure:4813: $? = 0
configure:4813: result: yes
configure:4813: checking for sys/stat.h
configure:4813: gcc -c -g  conftest.c >&5
configure:4813: $? = 0
configure:4813: result: yes
configure:4813: checking for stdlib.h
configure:4813: gcc -c -g  conftest.c >&5
configure:4813: $? = 0
configure:4813: result: yes
configure:4813: checking for string.h
configure:4813: gcc -c -g  conftest.c >&5
configure:4813: $? = 0
configure:4813: result: yes
configure:4813: checking for memory.h
configure:4813: gcc -c -g  conftest.c >&5
configure:4813: $? = 0
configure:4813: result: yes
configure:4813: checking for strings.h
configure:4813: gcc -c -g  conftest.c >&5
configure:4813: $? = 0
configure:4813: result: yes
configure:4813: checking for inttypes.h
configure:4813: gcc -c -g  conftest.c >&5
configure:4813: $? = 0
configure:4813: result: yes
configure:4813: checking for stdint.h
configure:4813: gcc -c -g  conftest.c >&5
configure:4813: $? = 0
configure:4813: result: yes
configure:4813: checking for unistd.h
configure:4813: gcc -c -g  conftest.c >&5
configure:4813: $? = 0
configure:4813: result: yes
configure:4828: checking float.h usability
configure:4828: gcc -c -g  conftest.c >&5
configure:4828: $? = 0
configure:4828: result: yes
configure:4828: checking float.h presence
configure:4828: gcc -E  conftest.c
configure:4828: $? = 0
configure:4828: result: yes
configure:4828: checking for float.h
configure:4828: result: yes
configure:4828: checking malloc.h usability
configure:4828: gcc -c -g  conftest.c >&5
configure:4828: $? = 0
configure:4828: result: yes
configure:4828: checking malloc.h presence
configure:4828: gcc -E  conftest.c
configure:4828: $? = 0
configure:4828: result: yes
configure:4828: checking for malloc.h
configure:4828: result: yes
configure:4828: checking netinet/in.h usability
configure:4828: gcc -c -g  conftest.c >&5
configure:4828: $? = 0
configure:4828: result: yes
configure:4828: checking netinet/in.h presence
configure:4828: gcc -E  conftest.c
configure:4828: $? = 0
configure:4828: result: yes
configure:4828: checking for netinet/in.h
configure:4828: result: yes
configure:4828: checking stddef.h usability
configure:4828: gcc -c -g  conftest.c >&5
configure:4828: $? = 0
configure:4828: result: yes
configure:4828: checking stddef.h presence
configure:4828: gcc -E  conftest.c
configure:4828: $? = 0
configure:4828: result: yes
configure:4828: checking for stddef.h
configure:4828: result: yes
configure:4828: checking for stdlib.h
configure:4828: result: yes
configure:4828: checking for string.h
configure:4828: result: yes
configure:4828: checking sys/socket.h usability
configure:4828: gcc -c -g  conftest.c >&5
configure:4828: $? = 0
configure:4828: result: yes
configure:4828: checking sys/socket.h presence
configure:4828: gcc -E  conftest.c
configure:4828: $? = 0
configure:4828: result: yes
configure:4828: checking for sys/socket.h
configure:4828: result: yes
configure:4828: checking for unistd.h
configure:4828: result: yes
configure:4828: checking values.h usability
configure:4828: gcc -c -g  conftest.c >&5
configure:4828: $? = 0
configure:4828: result: yes
configure:4828: checking values.h presence
configure:4828: gcc -E  conftest.c
configure:4828: $? = 0
configure:4828: result: yes
configure:4828: checking for values.h
configure:4828: result: yes
configure:4828: checking wchar.h usability
configure:4828: gcc -c -g  conftest.c >&5
configure:4828: $? = 0
configure:4828: result: yes
configure:4828: checking wchar.h presence
configure:4828: gcc -E  conftest.c
configure:4828: $? = 0
configure:4828: result: yes
configure:4828: checking for wchar.h
configure:4828: result: yes
configure:4889: checking for gcc
configure:4916: result: gcc
configure:5145: checking for C compiler version
configure:5154: gcc --version >&5
gcc (Ubuntu 7.5.0-3ubuntu1~18.04) 7.5.0
Copyright (C) 2017 Free Software Foundation, Inc.
This is free software; see the source for copying conditions.  There is NO
warranty; not even for MERCHANTABILITY or FITNESS FOR A PARTICULAR PURPOSE.

configure:5165: $? = 0
configure:5154: gcc -v >&5
Using built-in specs.
COLLECT_GCC=gcc
COLLECT_LTO_WRAPPER=/usr/lib/gcc/x86_64-linux-gnu/7/lto-wrapper
OFFLOAD_TARGET_NAMES=nvptx-none
OFFLOAD_TARGET_DEFAULT=1
Target: x86_64-linux-gnu
Configured with: ../src/configure -v --with-pkgversion='Ubuntu 7.5.0-3ubuntu1~18.04' --with-bugurl=file:///usr/share/doc/gcc-7/README.Bugs --enable-languages=c,ada,c++,go,brig,d,fortran,objc,obj-c++ --prefix=/usr --with-gcc-major-version-only --program-suffix=-7 --program-prefix=x86_64-linux-gnu- --enable-shared --enable-linker-build-id --libexecdir=/usr/lib --without-included-gettext --enable-threads=posix --libdir=/usr/lib --enable-nls --enable-bootstrap --enable-clocale=gnu --enable-libstdcxx-debug --enable-libstdcxx-time=yes --with-default-libstdcxx-abi=new --enable-gnu-unique-object --disable-vtable-verify --enable-libmpx --enable-plugin --enable-default-pie --with-system-zlib --with-target-system-zlib --enable-objc-gc=auto --enable-multiarch --disable-werror --with-arch-32=i686 --with-abi=m64 --with-multilib-list=m32,m64,mx32 --enable-multilib --with-tune=generic --enable-offload-targets=nvptx-none --without-cuda-driver --enable-checking=release --build=x86_64-linux-gnu --host=x86_64-linux-gnu --target=x86_64-linux-gnu
Thread model: posix
gcc version 7.5.0 (Ubuntu 7.5.0-3ubuntu1~18.04) 
configure:5165: $? = 0
configure:5154: gcc -V >&5
gcc: error: unrecognized command line option '-V'
gcc: fatal error: no input files
compilation terminated.
configure:5165: $? = 1
configure:5154: gcc -qversion >&5
gcc: error: unrecognized command line option '-qversion'; did you mean '--version'?
gcc: fatal error: no input files
compilation terminated.
configure:5165: $? = 1
configure:5169: checking whether we are using the GNU C compiler
configure:5197: result: yes
configure:5206: checking whether gcc accepts -g
configure:5267: result: yes
configure:5284: checking for gcc option to accept ISO C89
configure:5360: result: none needed
configure:5385: checking whether gcc understands -c and -o together
configure:5422: result: yes
configure:5441: checking dependency style of gcc
configure:5552: result: gcc3
configure:5625: checking for g++
configure:5641: found /usr/bin/g++
configure:5652: result: g++
configure:5679: checking for C++ compiler version
configure:5688: g++ --version >&5
g++ (Ubuntu 7.5.0-3ubuntu1~18.04) 7.5.0
Copyright (C) 2017 Free Software Foundation, Inc.
This is free software; see the source for copying conditions.  There is NO
warranty; not even for MERCHANTABILITY or FITNESS FOR A PARTICULAR PURPOSE.

configure:5699: $? = 0
configure:5688: g++ -v >&5
Using built-in specs.
COLLECT_GCC=g++
COLLECT_LTO_WRAPPER=/usr/lib/gcc/x86_64-linux-gnu/7/lto-wrapper
OFFLOAD_TARGET_NAMES=nvptx-none
OFFLOAD_TARGET_DEFAULT=1
Target: x86_64-linux-gnu
Configured with: ../src/configure -v --with-pkgversion='Ubuntu 7.5.0-3ubuntu1~18.04' --with-bugurl=file:///usr/share/doc/gcc-7/README.Bugs --enable-languages=c,ada,c++,go,brig,d,fortran,objc,obj-c++ --prefix=/usr --with-gcc-major-version-only --program-suffix=-7 --program-prefix=x86_64-linux-gnu- --enable-shared --enable-linker-build-id --libexecdir=/usr/lib --without-included-gettext --enable-threads=posix --libdir=/usr/lib --enable-nls --enable-bootstrap --enable-clocale=gnu --enable-libstdcxx-debug --enable-libstdcxx-time=yes --with-default-libstdcxx-abi=new --enable-gnu-unique-object --disable-vtable-verify --enable-libmpx --enable-plugin --enable-default-pie --with-system-zlib --with-target-system-zlib --enable-objc-gc=auto --enable-multiarch --disable-werror --with-arch-32=i686 --with-abi=m64 --with-multilib-list=m32,m64,mx32 --enable-multilib --with-tune=generic --enable-offload-targets=nvptx-none --without-cuda-driver --enable-checking=release --build=x86_64-linux-gnu --host=x86_64-linux-gnu --target=x86_64-linux-gnu
Thread model: posix
gcc version 7.5.0 (Ubuntu 7.5.0-3ubuntu1~18.04) 
configure:5699: $? = 0
configure:5688: g++ -V >&5
g++: error: unrecognized command line option '-V'
g++: fatal error: no input files
compilation terminated.
configure:5699: $? = 1
configure:5688: g++ -qversion >&5
g++: error: unrecognized command line option '-qversion'; did you mean '--version'?
g++: fatal error: no input files
compilation terminated.
configure:5699: $? = 1
configure:5703: checking whether we are using the GNU C++ compiler
configure:5722: g++ -c   conftest.cpp >&5
configure:5722: $? = 0
configure:5731: result: yes
configure:5740: checking whether g++ accepts -g
configure:5760: g++ -c -g  conftest.cpp >&5
configure:5760: $? = 0
configure:5801: result: yes
configure:5826: checking dependency style of g++
configure:5937: result: gcc3
configure:5953: checking whether build environment is sane
configure:6008: result: yes
configure:6031: checking for stdlib.h
configure:6031: result: yes
configure:6041: checking for GNU libc compatible malloc
configure:6065: gcc -o conftest -g   conftest.c -lxml2 -lproj -lnetcdf -lm  >&5
configure:6065: $? = 0
configure:6065: ./conftest
configure:6065: $? = 0
configure:6075: result: yes
configure:6098: checking for stdlib.h
configure:6098: result: yes
configure:6108: checking for GNU libc compatible realloc
configure:6132: gcc -o conftest -g   conftest.c -lxml2 -lproj -lnetcdf -lm  >&5
configure:6132: $? = 0
configure:6132: ./conftest
configure:6132: $? = 0
configure:6142: result: yes
configure:6163: checking return type of signal handlers
configure:6181: gcc -c -g  conftest.c >&5
conftest.c: In function 'main':
conftest.c:45:10: error: void value not ignored as it ought to be
 return *(signal (0, 0)) (0) == 1;
         ~^~~~~~~~~~~~~~~~~~
configure:6181: $? = 1
configure: failed program was:
| /* confdefs.h */
| #define PACKAGE_NAME "Atlantis"
| #define PACKAGE_TARNAME "atlantis"
| #define PACKAGE_VERSION "3.0"
| #define PACKAGE_STRING "Atlantis 3.0"
| #define PACKAGE_BUGREPORT "beth.fulton@csiro.au"
| #define PACKAGE_URL ""
| #define PACKAGE "atlantis"
| #define VERSION "3.0"
| #define HAVE_LIBM 1
| #define HAVE_LIBNETCDF 1
| #define HAVE_LIBPROJ 1
| #define HAVE_LIBXML2 1
| #define STDC_HEADERS 1
| #define HAVE_SYS_TYPES_H 1
| #define HAVE_SYS_STAT_H 1
| #define HAVE_STDLIB_H 1
| #define HAVE_STRING_H 1
| #define HAVE_MEMORY_H 1
| #define HAVE_STRINGS_H 1
| #define HAVE_INTTYPES_H 1
| #define HAVE_STDINT_H 1
| #define HAVE_UNISTD_H 1
| #define HAVE_FLOAT_H 1
| #define HAVE_MALLOC_H 1
| #define HAVE_NETINET_IN_H 1
| #define HAVE_STDDEF_H 1
| #define HAVE_STDLIB_H 1
| #define HAVE_STRING_H 1
| #define HAVE_SYS_SOCKET_H 1
| #define HAVE_UNISTD_H 1
| #define HAVE_VALUES_H 1
| #define HAVE_WCHAR_H 1
| #define HAVE_STDLIB_H 1
| #define HAVE_MALLOC 1
| #define HAVE_STDLIB_H 1
| #define HAVE_REALLOC 1
| /* end confdefs.h.  */
| #include <sys/types.h>
| #include <signal.h>
| 
| int
| main ()
| {
| return *(signal (0, 0)) (0) == 1;
|   ;
|   return 0;
| }
configure:6188: result: void
configure:6198: checking for vprintf
configure:6198: gcc -o conftest -g   conftest.c -lxml2 -lproj -lnetcdf -lm  >&5
conftest.c:63:6: warning: conflicting types for built-in function 'vprintf' [-Wbuiltin-declaration-mismatch]
 char vprintf ();
      ^~~~~~~
configure:6198: $? = 0
configure:6198: result: yes
configure:6204: checking for _doprnt
configure:6204: gcc -o conftest -g   conftest.c -lxml2 -lproj -lnetcdf -lm  >&5
/tmp/cc7TUvqd.o: In function `main':
/home/azureuser/trunk/atlantis/conftest.c:75: undefined reference to `_doprnt'
collect2: error: ld returned 1 exit status
configure:6204: $? = 1
configure: failed program was:
| /* confdefs.h */
| #define PACKAGE_NAME "Atlantis"
| #define PACKAGE_TARNAME "atlantis"
| #define PACKAGE_VERSION "3.0"
| #define PACKAGE_STRING "Atlantis 3.0"
| #define PACKAGE_BUGREPORT "beth.fulton@csiro.au"
| #define PACKAGE_URL ""
| #define PACKAGE "atlantis"
| #define VERSION "3.0"
| #define HAVE_LIBM 1
| #define HAVE_LIBNETCDF 1
| #define HAVE_LIBPROJ 1
| #define HAVE_LIBXML2 1
| #define STDC_HEADERS 1
| #define HAVE_SYS_TYPES_H 1
| #define HAVE_SYS_STAT_H 1
| #define HAVE_STDLIB_H 1
| #define HAVE_STRING_H 1
| #define HAVE_MEMORY_H 1
| #define HAVE_STRINGS_H 1
| #define HAVE_INTTYPES_H 1
| #define HAVE_STDINT_H 1
| #define HAVE_UNISTD_H 1
| #define HAVE_FLOAT_H 1
| #define HAVE_MALLOC_H 1
| #define HAVE_NETINET_IN_H 1
| #define HAVE_STDDEF_H 1
| #define HAVE_STDLIB_H 1
| #define HAVE_STRING_H 1
| #define HAVE_SYS_SOCKET_H 1
| #define HAVE_UNISTD_H 1
| #define HAVE_VALUES_H 1
| #define HAVE_WCHAR_H 1
| #define HAVE_STDLIB_H 1
| #define HAVE_MALLOC 1
| #define HAVE_STDLIB_H 1
| #define HAVE_REALLOC 1
| #define RETSIGTYPE void
| #define HAVE_VPRINTF 1
| /* end confdefs.h.  */
| /* Define _doprnt to an innocuous variant, in case <limits.h> declares _doprnt.
|    For example, HP-UX 11i <limits.h> declares gettimeofday.  */
| #define _doprnt innocuous__doprnt
| 
| /* System header to define __stub macros and hopefully few prototypes,
|     which can conflict with char _doprnt (); below.
|     Prefer <limits.h> to <assert.h> if __STDC__ is defined, since
|     <limits.h> exists even on freestanding compilers.  */
| 
| #ifdef __STDC__
| # include <limits.h>
| #else
| # include <assert.h>
| #endif
| 
| #undef _doprnt
| 
| /* Override any GCC internal prototype to avoid an error.
|    Use char because int might match the return type of a GCC
|    builtin and then its argument prototype would still apply.  */
| #ifdef __cplusplus
| extern "C"
| #endif
| char _doprnt ();
| /* The GNU C library defines this for functions which it implements
|     to always fail with ENOSYS.  Some functions are actually named
|     something starting with __ and the normal name is an alias.  */
| #if defined __stub__doprnt || defined __stub____doprnt
| choke me
| #endif
| 
| int
| main ()
| {
| return _doprnt ();
|   ;
|   return 0;
| }
configure:6204: result: no
configure:6218: checking for floor
configure:6218: gcc -o conftest -g   conftest.c -lxml2 -lproj -lnetcdf -lm  >&5
conftest.c:64:6: warning: conflicting types for built-in function 'floor' [-Wbuiltin-declaration-mismatch]
 char floor ();
      ^~~~~
configure:6218: $? = 0
configure:6218: result: yes
configure:6218: checking for localtime_r
configure:6218: gcc -o conftest -g   conftest.c -lxml2 -lproj -lnetcdf -lm  >&5
configure:6218: $? = 0
configure:6218: result: yes
configure:6218: checking for memset
configure:6218: gcc -o conftest -g   conftest.c -lxml2 -lproj -lnetcdf -lm  >&5
conftest.c:66:6: warning: conflicting types for built-in function 'memset' [-Wbuiltin-declaration-mismatch]
 char memset ();
      ^~~~~~
configure:6218: $? = 0
configure:6218: result: yes
configure:6218: checking for pow
configure:6218: gcc -o conftest -g   conftest.c -lxml2 -lproj -lnetcdf -lm  >&5
conftest.c:67:6: warning: conflicting types for built-in function 'pow' [-Wbuiltin-declaration-mismatch]
 char pow ();
      ^~~
configure:6218: $? = 0
configure:6218: result: yes
configure:6218: checking for regcomp
configure:6218: gcc -o conftest -g   conftest.c -lxml2 -lproj -lnetcdf -lm  >&5
configure:6218: $? = 0
configure:6218: result: yes
configure:6218: checking for sqrt
configure:6218: gcc -o conftest -g   conftest.c -lxml2 -lproj -lnetcdf -lm  >&5
conftest.c:69:6: warning: conflicting types for built-in function 'sqrt' [-Wbuiltin-declaration-mismatch]
 char sqrt ();
      ^~~~
configure:6218: $? = 0
configure:6218: result: yes
configure:6218: checking for strcasecmp
configure:6218: gcc -o conftest -g   conftest.c -lxml2 -lproj -lnetcdf -lm  >&5
conftest.c:70:6: warning: conflicting types for built-in function 'strcasecmp' [-Wbuiltin-declaration-mismatch]
 char strcasecmp ();
      ^~~~~~~~~~
configure:6218: $? = 0
configure:6218: result: yes
configure:6218: checking for strchr
configure:6218: gcc -o conftest -g   conftest.c -lxml2 -lproj -lnetcdf -lm  >&5
conftest.c:71:6: warning: conflicting types for built-in function 'strchr' [-Wbuiltin-declaration-mismatch]
 char strchr ();
      ^~~~~~
configure:6218: $? = 0
configure:6218: result: yes
configure:6218: checking for strdup
configure:6218: gcc -o conftest -g   conftest.c -lxml2 -lproj -lnetcdf -lm  >&5
conftest.c:72:6: warning: conflicting types for built-in function 'strdup' [-Wbuiltin-declaration-mismatch]
 char strdup ();
      ^~~~~~
configure:6218: $? = 0
configure:6218: result: yes
configure:6218: checking for strerror
configure:6218: gcc -o conftest -g   conftest.c -lxml2 -lproj -lnetcdf -lm  >&5
configure:6218: $? = 0
configure:6218: result: yes
configure:6218: checking for strncasecmp
configure:6218: gcc -o conftest -g   conftest.c -lxml2 -lproj -lnetcdf -lm  >&5
conftest.c:74:6: warning: conflicting types for built-in function 'strncasecmp' [-Wbuiltin-declaration-mismatch]
 char strncasecmp ();
      ^~~~~~~~~~~
configure:6218: $? = 0
configure:6218: result: yes
configure:6218: checking for strstr
configure:6218: gcc -o conftest -g   conftest.c -lxml2 -lproj -lnetcdf -lm  >&5
conftest.c:75:6: warning: conflicting types for built-in function 'strstr' [-Wbuiltin-declaration-mismatch]
 char strstr ();
      ^~~~~~
configure:6218: $? = 0
configure:6218: result: yes
configure:6354: checking that generated files are newer than configure
configure:6360: result: done
configure:6402: checking that generated files are newer than configure
configure:6408: result: done
configure:6419: creating ./config.status

## ---------------------- ##
## Running config.status. ##
## ---------------------- ##

This file was extended by Atlantis config.status 3.0, which was
generated by GNU Autoconf 2.69.  Invocation command line was

  CONFIG_FILES    = 
  CONFIG_HEADERS  = 
  CONFIG_LINKS    = 
  CONFIG_COMMANDS = 
  $ ./config.status 

on AtlantisGOAeScience2

config.status:923: creating Makefile
config.status:923: creating ConvertAtlantis/Makefile
config.status:923: creating atassess/Makefile
config.status:923: creating atecology/Makefile
config.status:923: creating ateconomic/Makefile
config.status:923: creating atlantisUtil/Makefile
config.status:923: creating atlantismain/Makefile
config.status:923: creating atlantismain/atlantisMerged.pc
config.status:923: creating atlink/Makefile
config.status:923: creating atbrokerlink/Makefile
config.status:923: creating atCLAMLink/Makefile
config.status:923: creating atSS3Link/Makefile
config.status:923: creating atmanage/Makefile
config.status:923: creating atharvest/Makefile
config.status:923: creating atimplementation/Makefile
config.status:923: creating atphysics/Makefile
config.status:923: creating sjwlib/Makefile
config.status:923: creating config.h
config.status:1104: config.h is unchanged
config.status:1152: executing depfiles commands

## ---------------- ##
## Cache variables. ##
## ---------------- ##

ac_cv_c_compiler_gnu=yes
ac_cv_cxx_compiler_gnu=yes
ac_cv_env_CCC_set=
ac_cv_env_CCC_value=
ac_cv_env_CC_set=
ac_cv_env_CC_value=
ac_cv_env_CFLAGS_set=
ac_cv_env_CFLAGS_value=
ac_cv_env_CPPFLAGS_set=
ac_cv_env_CPPFLAGS_value=
ac_cv_env_CPP_set=
ac_cv_env_CPP_value=
ac_cv_env_CXXFLAGS_set=
ac_cv_env_CXXFLAGS_value=
ac_cv_env_CXX_set=
ac_cv_env_CXX_value=
ac_cv_env_LDFLAGS_set=
ac_cv_env_LDFLAGS_value=
ac_cv_env_LIBS_set=
ac_cv_env_LIBS_value=
ac_cv_env_build_alias_set=
ac_cv_env_build_alias_value=
ac_cv_env_host_alias_set=
ac_cv_env_host_alias_value=
ac_cv_env_target_alias_set=
ac_cv_env_target_alias_value=
ac_cv_func__doprnt=no
ac_cv_func_floor=yes
ac_cv_func_localtime_r=yes
ac_cv_func_malloc_0_nonnull=yes
ac_cv_func_memset=yes
ac_cv_func_pow=yes
ac_cv_func_realloc_0_nonnull=yes
ac_cv_func_regcomp=yes
ac_cv_func_sqrt=yes
ac_cv_func_strcasecmp=yes
ac_cv_func_strchr=yes
ac_cv_func_strdup=yes
ac_cv_func_strerror=yes
ac_cv_func_strncasecmp=yes
ac_cv_func_strstr=yes
ac_cv_func_vprintf=yes
ac_cv_header_float_h=yes
ac_cv_header_inttypes_h=yes
ac_cv_header_malloc_h=yes
ac_cv_header_memory_h=yes
ac_cv_header_netinet_in_h=yes
ac_cv_header_stdc=yes
ac_cv_header_stddef_h=yes
ac_cv_header_stdint_h=yes
ac_cv_header_stdlib_h=yes
ac_cv_header_string_h=yes
ac_cv_header_strings_h=yes
ac_cv_header_sys_socket_h=yes
ac_cv_header_sys_stat_h=yes
ac_cv_header_sys_types_h=yes
ac_cv_header_unistd_h=yes
ac_cv_header_values_h=yes
ac_cv_header_wchar_h=yes
ac_cv_lib_m_abs=yes
ac_cv_lib_netcdf_ncopen=yes
ac_cv_lib_proj_pj_init=yes
ac_cv_lib_xml2_xmlXPathFreeObject=yes
ac_cv_objext=o
ac_cv_path_EGREP='/bin/grep -E'
ac_cv_path_GREP=/bin/grep
ac_cv_path_install='/usr/bin/install -c'
ac_cv_path_mkdir=/bin/mkdir
ac_cv_prog_AWK=gawk
ac_cv_prog_CPP='gcc -E'
ac_cv_prog_ac_ct_CC=gcc
ac_cv_prog_ac_ct_CXX=g++
ac_cv_prog_ac_ct_RANLIB=ranlib
ac_cv_prog_cc_c89=
ac_cv_prog_cc_g=yes
ac_cv_prog_cxx_g=yes
ac_cv_prog_make_make_set=yes
ac_cv_type_signal=void
am_cv_CC_dependencies_compiler_type=gcc3
am_cv_CXX_dependencies_compiler_type=gcc3
am_cv_make_support_nested_variables=yes
am_cv_prog_cc_c_o=yes

## ----------------- ##
## Output variables. ##
## ----------------- ##

ACLOCAL='${SHELL} /home/azureuser/trunk/atlantis/missing aclocal-1.15'
AMDEPBACKSLASH='\'
AMDEP_FALSE='#'
AMDEP_TRUE=''
AMTAR='$${TAR-tar}'
AM_BACKSLASH='\'
AM_DEFAULT_V='$(AM_DEFAULT_VERBOSITY)'
AM_DEFAULT_VERBOSITY='1'
AM_V='$(V)'
AUTOCONF='${SHELL} /home/azureuser/trunk/atlantis/missing autoconf'
AUTOHEADER='${SHELL} /home/azureuser/trunk/atlantis/missing autoheader'
AUTOMAKE='${SHELL} /home/azureuser/trunk/atlantis/missing automake-1.15'
AWK='gawk'
BROKER_LINK_ENABLED_FALSE=''
BROKER_LINK_ENABLED_TRUE='#'
CC='gcc'
CCDEPMODE='depmode=gcc3'
CFLAGS='-g'
CLAM_LINK_ENABLED_FALSE=''
CLAM_LINK_ENABLED_TRUE='#'
CPP='gcc -E'
CPPFLAGS=''
CXX='g++'
CXXDEPMODE='depmode=gcc3'
CXXFLAGS='-g -O2'
CYGPATH_W='echo'
DEFS='-DHAVE_CONFIG_H'
DEPDIR='.deps'
ECHO_C=''
ECHO_N='-n'
ECHO_T=''
EGREP='/bin/grep -E'
EXEEXT=''
GCC_GE_730_FALSE='#'
GCC_GE_730_TRUE=''
GENERIC_API_VERSION='2.0'
GENERIC_LIBRARY_NAME='atlantis'
GENERIC_LIBRARY_VERSION='1:2:0'
GENERIC_RELEASE='2.0'
GENERIC_VERSION='2.0.0'
GREP='/bin/grep'
INSTALL_DATA='${INSTALL} -m 644'
INSTALL_PROGRAM='${INSTALL}'
INSTALL_SCRIPT='${INSTALL}'
INSTALL_STRIP_PROGRAM='$(install_sh) -c -s'
LDFLAGS=''
LIBOBJS=''
LIBS='-lxml2 -lproj -lnetcdf -lm '
LINK_ENABLED_FALSE=''
LINK_ENABLED_TRUE='#'
LTLIBOBJS=''
MAKEINFO='${SHELL} /home/azureuser/trunk/atlantis/missing makeinfo'
MKDIR_P='/bin/mkdir -p'
OBJEXT='o'
PACKAGE='atlantis'
PACKAGE_BUGREPORT='beth.fulton@csiro.au'
PACKAGE_NAME='Atlantis'
PACKAGE_STRING='Atlantis 3.0'
PACKAGE_TARNAME='atlantis'
PACKAGE_URL=''
PACKAGE_VERSION='3.0'
PATH_SEPARATOR=':'
RANLIB='ranlib'
SET_MAKE=''
SHELL='/bin/bash'
SS3_LINK_ENABLED_FALSE=''
SS3_LINK_ENABLED_TRUE='#'
STRIP=''
VERSION='2.0.0'
ac_ct_CC='gcc'
ac_ct_CXX='g++'
am__EXEEXT_FALSE=''
am__EXEEXT_TRUE='#'
am__fastdepCC_FALSE='#'
am__fastdepCC_TRUE=''
am__fastdepCXX_FALSE='#'
am__fastdepCXX_TRUE=''
am__include='include'
am__isrc=''
am__leading_dot='.'
am__nodep='_no'
am__quote=''
am__tar='$${TAR-tar} chof - "$$tardir"'
am__untar='$${TAR-tar} xf -'
bindir='${exec_prefix}/bin'
build_alias=''
datadir='${datarootdir}'
datarootdir='${prefix}/share'
docdir='${datarootdir}/doc/${PACKAGE_TARNAME}'
dvidir='${docdir}'
exec_prefix='${prefix}'
host_alias=''
htmldir='${docdir}'
includedir='${prefix}/include'
infodir='${datarootdir}/info'
install_sh='${SHELL} /home/azureuser/trunk/atlantis/install-sh'
libdir='${exec_prefix}/lib'
libexecdir='${exec_prefix}/libexec'
localedir='${datarootdir}/locale'
localstatedir='${prefix}/var'
mandir='${datarootdir}/man'
mkdir_p='$(MKDIR_P)'
oldincludedir='/usr/include'
pdfdir='${docdir}'
prefix='/usr/local'
program_transform_name='s,x,x,'
psdir='${docdir}'
runstatedir='${localstatedir}/run'
sbindir='${exec_prefix}/sbin'
sharedstatedir='${prefix}/com'
sysconfdir='${prefix}/etc'
target_alias=''

## ----------- ##
## confdefs.h. ##
## ----------- ##

/* confdefs.h */
#define PACKAGE_NAME "Atlantis"
#define PACKAGE_TARNAME "atlantis"
#define PACKAGE_VERSION "3.0"
#define PACKAGE_STRING "Atlantis 3.0"
#define PACKAGE_BUGREPORT "beth.fulton@csiro.au"
#define PACKAGE_URL ""
#define PACKAGE "atlantis"
#define VERSION "3.0"
#define HAVE_LIBM 1
#define HAVE_LIBNETCDF 1
#define HAVE_LIBPROJ 1
#define HAVE_LIBXML2 1
#define STDC_HEADERS 1
#define HAVE_SYS_TYPES_H 1
#define HAVE_SYS_STAT_H 1
#define HAVE_STDLIB_H 1
#define HAVE_STRING_H 1
#define HAVE_MEMORY_H 1
#define HAVE_STRINGS_H 1
#define HAVE_INTTYPES_H 1
#define HAVE_STDINT_H 1
#define HAVE_UNISTD_H 1
#define HAVE_FLOAT_H 1
#define HAVE_MALLOC_H 1
#define HAVE_NETINET_IN_H 1
#define HAVE_STDDEF_H 1
#define HAVE_STDLIB_H 1
#define HAVE_STRING_H 1
#define HAVE_SYS_SOCKET_H 1
#define HAVE_UNISTD_H 1
#define HAVE_VALUES_H 1
#define HAVE_WCHAR_H 1
#define HAVE_STDLIB_H 1
#define HAVE_MALLOC 1
#define HAVE_STDLIB_H 1
#define HAVE_REALLOC 1
#define RETSIGTYPE void
#define HAVE_VPRINTF 1
#define HAVE_FLOOR 1
#define HAVE_LOCALTIME_R 1
#define HAVE_MEMSET 1
#define HAVE_POW 1
#define HAVE_REGCOMP 1
#define HAVE_SQRT 1
#define HAVE_STRCASECMP 1
#define HAVE_STRCHR 1
#define HAVE_STRDUP 1
#define HAVE_STRERROR 1
#define HAVE_STRNCASECMP 1
#define HAVE_STRSTR 1

configure: exit 0

## ---------------------- ##
## Running config.status. ##
## ---------------------- ##

This file was extended by Atlantis config.status 3.0, which was
generated by GNU Autoconf 2.69.  Invocation command line was

  CONFIG_FILES    = 
  CONFIG_HEADERS  = 
  CONFIG_LINKS    = 
  CONFIG_COMMANDS = 
  $ ./config.status config.h

on AtlantisGOAeScience2

config.status:923: creating config.h
config.status:1104: config.h is unchanged
